LiveBckGif/app/manifest-merger-release-report.txt
-- Merging decision tree log ---
manifest
ADDED from AndroidManifest.xml:1:1
	xmlns:android
		ADDED from AndroidManifest.xml:1:11
	package
		ADDED from AndroidManifest.xml:2:5
		INJECTED from AndroidManifest.xml:0:0
		INJECTED from AndroidManifest.xml:0:0
	android:versionName
		INJECTED from AndroidManifest.xml:0:0
		INJECTED from AndroidManifest.xml:0:0
	android:versionCode
		INJECTED from AndroidManifest.xml:0:0
		INJECTED from AndroidManifest.xml:0:0
service#com.example.priet_000.livebckgif.GIFWallpaperService
ADDED from AndroidManifest.xml:4:5
	android:label
		ADDED from AndroidManifest.xml:7:9
	android:enabled
		ADDED from AndroidManifest.xml:6:9
	android:permission
		ADDED from AndroidManifest.xml:8:9
	android:name
		ADDED from AndroidManifest.xml:5:9
intent-filter#android.service.wallpaper.WallpaperService
ADDED from AndroidManifest.xml:9:9
action#android.service.wallpaper.WallpaperService
ADDED from AndroidManifest.xml:10:13
	android:name
		ADDED from AndroidManifest.xml:10:21
meta-data#android.service.wallpaper
ADDED from AndroidManifest.xml:12:9
	android:resource
		ADDED from AndroidManifest.xml:14:13
	android:name
		ADDED from AndroidManifest.xml:13:13
uses-feature#android.software.live_wallpaper
ADDED from AndroidManifest.xml:17:5
	android:required
		ADDED from AndroidManifest.xml:19:9
	android:name
		ADDED from AndroidManifest.xml:18:9
uses-sdk
INJECTED from AndroidManifest.xml:0:0 reason: use-sdk injection requested
MERGED from com.android.support:appcompat-v7:21.0.3:15:5
MERGED from com.android.support:support-v4:21.0.3:15:5
	android:targetSdkVersion
		INJECTED from AndroidManifest.xml:0:0
		INJECTED from AndroidManifest.xml:0:0
	android:minSdkVersion
		INJECTED from AndroidManifest.xml:0:0
		INJECTED from AndroidManifest.xml:0:0
application
ADDED from com.android.support:appcompat-v7:21.0.3:16:5
MERGED from com.android.support:support-v4:21.0.3:16:5